---------------------------------------------------------------
[ 2019-11-10T20:47:01+08:00 ] 101.132.75.111 GET /cron/sell
[ info ] 125.whyuejian.com/cron/sell [运行时间：0.112648s][吞吐率：8.88req/s] [内存消耗：2,952.81kb] [文件加载：53]
[ info ] [ LANG ] /www/wwwroot/125.maoerle.cn/www_fuda/thinkphp/lang/zh-cn.php
[ info ] [ ROUTE ] array (
  'type' => 'module',
  'module' => 
  array (
    0 => 'index',
    1 => 'Cron',
    2 => 'scanOrderSell',
  ),
  'convert' => false,
)
[ info ] [ HEADER ] array (
  'user-agent' => 'curl/7.29.0',
  'host' => '125.whyuejian.com',
  'accept' => '*/*',
)
[ info ] [ PARAM ] array (
)
[ info ] [ RUN ] app\index\controller\Cron->scanOrderSell[ /www/wwwroot/125.maoerle.cn/www_fuda/application/index/controller/Cron.php ]
[ info ] [ LOG ] INIT File
